2024-12-10 18:21:01 ERROR Main - Ошибка при парсинге суммы: For input string: "шотрипготли"
2024-12-10 19:10:25 ERROR Main - Ошибка при парсинге суммы: For input string: "jvfgah"
2024-12-10 20:02:18 INFO  Main - Интерфейс приложения запущен.
2024-12-10 20:29:44 INFO  Main - Интерфейс приложения запущен.
2024-12-10 20:30:02 INFO  Main - Отображено сообщение: Трата успешно добавлена!
2024-12-10 20:30:02 INFO  Main - Трата добавлена: категория=Другое, сумма=52.0, дата=2024-12-02
2024-12-10 20:30:03 INFO  Main - Отображены общие затраты: 52.0
2024-12-10 20:30:07 INFO  Main - Диаграмма категорий затрат успешно создана и показана
2024-12-10 20:30:07 INFO  Main - Статистика по категориям отображена
2024-12-10 20:30:10 INFO  Main - Отображено сообщение: Траты успешно перенесены в expenses.xlsx!
2024-12-10 20:30:10 INFO  Main - Траты успешно экспортированы в файл expenses.xlsx
2024-12-10 20:38:56 INFO  Main - Интерфейс приложения запущен.
2024-12-10 20:49:14 INFO  Main - Интерфейс приложения запущен.
2024-12-10 20:49:28 INFO  Main - Отображено сообщение: Трата успешно добавлена!
2024-12-10 20:49:28 INFO  Main - Трата добавлена: категория=Одежда, сумма=5252.0, дата=2024-12-17
2024-12-10 20:49:52 INFO  Main - Отображено сообщение: Неверный формат цены!
2024-12-10 20:49:52 ERROR Main - Ошибка при парсинге суммы: For input string: "55,4"
2024-12-10 20:50:05 INFO  Main - Отображено сообщение: Трата успешно добавлена!
2024-12-10 20:50:05 INFO  Main - Трата добавлена: категория=Транспорт, сумма=55.4, дата=2021-11-05
2024-12-10 20:50:07 INFO  Main - Отображены общие затраты: 5307.4
2024-12-11 19:23:39 INFO  Main - Интерфейс приложения запущен.
2024-12-11 19:23:58 INFO  Main - Отображено сообщение: Трата успешно добавлена!
2024-12-11 19:23:58 INFO  Main - Трата добавлена: категория=Транспорт, сумма=1568.0, дата=2024-12-05
2024-12-11 21:24:45 INFO  Main - Интерфейс приложения запущен.
2024-12-11 21:26:05 INFO  Main - Интерфейс приложения запущен.
2024-12-11 21:26:15 INFO  Main - Отображено сообщение: Трата успешно добавлена!
2024-12-11 21:26:15 INFO  Main - Трата добавлена: категория=Развлечения, сумма=1523.0, дата=2024-12-05
2024-12-11 21:26:16 INFO  Main - Диаграмма категорий затрат успешно создана и показана
2024-12-11 21:26:16 INFO  Main - Статистика по категориям отображена
2024-12-11 21:29:35 INFO  Main - Интерфейс приложения запущен.
2024-12-11 21:29:48 INFO  Main - Отображено сообщение: Трата успешно добавлена!
2024-12-11 21:29:48 INFO  Main - Трата добавлена: категория=Жильё, сумма=6541.0, дата=2024-05-12
2024-12-11 21:29:49 INFO  Main - Диаграмма категорий затрат успешно создана и показана
2024-12-11 21:29:49 INFO  Main - Статистика по категориям отображена
2024-12-11 21:29:51 INFO  Main - Отображены общие затраты: 6541.0
2024-12-11 21:44:46 INFO  Main - Интерфейс приложения запущен.
2024-12-11 21:44:58 INFO  Main - Отображено сообщение: Трата успешно добавлена!
2024-12-11 21:44:58 INFO  Main - Трата добавлена: категория=Развлечения, сумма=-5.0, дата=2024-05-06
2024-12-11 22:05:17 INFO  Main - Интерфейс приложения запущен.
2024-12-11 22:05:26 INFO  Main - Отображено сообщение: Неверный формат цены!
2024-12-11 22:05:26 ERROR Main - Ошибка при парсинге суммы!
2024-12-11 22:05:27 INFO  Main - Отображено сообщение: Трата успешно добавлена!
2024-12-11 22:05:27 INFO  Main - Трата добавлена: категория=Развлечения, сумма=-5.0, дата=2024-12-05
2024-12-11 22:06:10 INFO  Main - Интерфейс приложения запущен.
2024-12-11 22:06:19 INFO  Main - Отображено сообщение: Неверный формат цены!
2024-12-11 22:06:19 ERROR Main - Ошибка при парсинге суммы!
2024-12-11 22:06:19 INFO  Main - Трата добавлена: категория=Развлечения, сумма=-5.0, дата=2024-12-05
2024-12-11 22:07:06 INFO  Main - Интерфейс приложения запущен.
2024-12-11 22:07:17 INFO  Main - Отображено сообщение: Неверный формат цены!
2024-12-11 22:07:17 ERROR Main - Ошибка при парсинге суммы!
2024-12-11 22:07:20 INFO  Main - Отображены общие затраты: 0.0
2024-12-11 22:07:34 INFO  Main - Отображено сообщение: Пожалуйста, выберите предложенную категорию!
2024-12-11 22:07:34 ERROR Main - Пользователь не выбрал категорию!
2024-12-11 22:07:42 INFO  Main - Отображено сообщение: Трата успешно добавлена!
2024-12-11 22:07:42 INFO  Main - Трата добавлена: категория=Транспорт, сумма=5.0, дата=2024-12-05
2024-12-11 22:07:56 INFO  Main - Отображено сообщение: Трата успешно добавлена!
2024-12-11 22:07:56 INFO  Main - Трата добавлена: категория=Развлечения, сумма=4465.0, дата=2027-12-05
2024-12-13 00:51:01 INFO  Main - Интерфейс приложения запущен.
2024-12-13 00:52:45 INFO  Main - Интерфейс приложения запущен.
2024-12-13 00:54:01 INFO  Main - Интерфейс приложения запущен.
2024-12-13 01:07:22 INFO  Main - Интерфейс приложения запущен.
2024-12-13 23:53:10 INFO  Main - Интерфейс приложения запущен.
2024-12-14 13:40:35 INFO  Main - Интерфейс приложения запущен.
2024-12-14 13:40:56 INFO  Main - Отображено сообщение: Неверный формат цены!
2024-12-14 13:40:56 ERROR Main - Ошибка при парсинге суммы: For input string: "0,5"
2024-12-14 13:41:13 INFO  Main - Отображено сообщение: Неверный формат даты! Используйте yyyy-MM-dd.
2024-12-14 13:41:13 ERROR Main - Ошибка при парсинге даты: Text '2024-15-20' could not be parsed: Invalid value for MonthOfYear (valid values 1 - 12): 15
2024-12-14 13:41:23 INFO  Main - Отображено сообщение: Трата успешно добавлена!
2024-12-14 13:41:23 INFO  Main - Трата добавлена: категория=Развлечения, сумма=0.5, дата=2024-12-15
2024-12-14 13:41:34 INFO  Main - Отображено сообщение: Трата успешно добавлена!
2024-12-14 13:41:34 INFO  Main - Трата добавлена: категория=Одежда, сумма=5.0, дата=2024-11-24
2024-12-14 13:41:55 INFO  Main - Отображено сообщение: Трата успешно добавлена!
2024-12-14 13:41:55 INFO  Main - Трата добавлена: категория=Развлечения, сумма=155.0, дата=2024-10-12
2024-12-14 13:42:01 INFO  Main - Диаграмма категорий затрат успешно создана и показана
2024-12-14 13:42:01 INFO  Main - Статистика по категориям отображена
2024-12-14 13:42:31 INFO  Main - Интерфейс приложения запущен.
2024-12-14 13:42:37 INFO  Main - Интерфейс приложения запущен.
2024-12-14 13:42:41 INFO  Main - Отображено сообщение: Неверный формат цены!
2024-12-14 13:42:41 ERROR Main - Ошибка при парсинге суммы: empty String
2024-12-14 13:42:45 INFO  Main - Отображено сообщение: Неверный формат даты! Используйте yyyy-MM-dd.
2024-12-14 13:42:45 ERROR Main - Ошибка при парсинге даты: Text '' could not be parsed at index 0
2024-12-14 13:42:55 INFO  Main - Отображено сообщение: Пожалуйста, выберите предложенную категорию!
2024-12-14 13:42:55 ERROR Main - Пользователь не выбрал категорию!
2024-12-14 13:43:09 INFO  Main - Отображено сообщение: Трата успешно добавлена!
2024-12-14 13:43:09 INFO  Main - Трата добавлена: категория=Одежда, сумма=100.0, дата=2024-10-05
2024-12-14 13:43:10 INFO  Main - Отображены общие затраты: 100.0
